TN:
SF:/code/convertBytesToHuman.js
FN:15,convertBytesToHuman
FNF:1
FNH:1
FNDA:41,convertBytesToHuman
DA:21,41
DA:22,41
DA:23,41
DA:26,17
DA:27,24
DA:30,1
DA:31,23
DA:34,0
DA:35,23
DA:38,6
DA:50,17
DA:51,17
DA:52,17
DA:53,60
DA:54,45
DA:56,17
DA:57,17
DA:58,17
DA:60,17
LF:19
LH:18
BRDA:23,0,0,17
BRDA:23,0,1,24
BRDA:27,1,0,1
BRDA:27,1,1,23
BRDA:31,2,0,0
BRDA:31,2,1,23
BRDA:35,3,0,6
BRDA:35,3,1,17
BRDA:53,4,0,15
BRDA:53,4,1,45
BRF:10
BRH:9
end_of_record
TN:
SF:/code/correctSentence.js
FN:20,correctSentence
FNF:1
FNH:1
FNDA:3,correctSentence
DA:22,3
DA:23,3
DA:24,3
DA:26,3
DA:27,1
DA:29,2
DA:30,3
LF:7
LH:7
BRDA:26,0,0,1
BRDA:26,0,1,2
BRF:2
BRH:2
end_of_record
TN:
SF:/code/nonUniqueElements.js
FN:27,nonUniqueElements
FN:33,(anonymous_1)
FNF:2
FNH:2
FNDA:4,nonUniqueElements
FNDA:111,(anonymous_1)
DA:29,4
DA:30,4
DA:31,4
DA:33,111
DA:34,21
DA:35,14
DA:37,7
DA:39,4
DA:40,4
LF:9
LH:9
BRDA:34,0,0,14
BRDA:34,0,1,7
BRF:2
BRH:2
end_of_record
TN:
SF:/code/src/actions/counter.js
FN:4,incrementIfOdd
FNF:1
FNH:0
FNDA:0,incrementIfOdd
DA:5,0
DA:6,0
DA:7,0
LF:3
LH:0
BRDA:6,0,0,0
BRDA:6,0,1,0
BRF:2
BRH:0
end_of_record
TN:
SF:/code/src/components/Counter.js
FN:9,Counter
FNF:1
FNH:1
FNDA:1,Counter
DA:5,1
DA:10,1
DA:24,1
LF:3
LH:3
BRF:0
BRH:0
end_of_record
TN:
SF:/code/src/constants/ActionTypes.js
FNF:0
FNH:0
LF:0
LH:0
BRF:0
BRH:0
end_of_record
TN:
SF:/code/src/containers/CounterContainer.js
FN:14,(anonymous_0)
FN:18,(anonymous_1)
FN:22,(anonymous_2)
FN:26,(anonymous_3)
FN:38,mapStateToProps
FNF:5
FNH:1
FNDA:0,(anonymous_0)
FNDA:0,(anonymous_1)
FNDA:0,(anonymous_2)
FNDA:1,(anonymous_3)
FNDA:0,mapStateToProps
DA:9,1
DA:14,1
DA:15,0
DA:18,1
DA:19,0
DA:22,1
DA:23,0
DA:27,1
DA:39,0
LF:9
LH:5
BRF:0
BRH:0
end_of_record
TN:
SF:/code/src/reducers/counter.js
FN:5,counter
FNF:1
FNH:1
FNDA:3,counter
DA:3,1
DA:6,3
DA:8,0
DA:10,0
DA:12,3
LF:5
LH:3
BRDA:5,0,0,3
BRDA:6,1,0,0
BRDA:6,1,1,0
BRDA:6,1,2,3
BRF:4
BRH:2
end_of_record
TN:
SF:/code/src/reducers/index.js
FNF:0
FNH:0
DA:4,1
LF:1
LH:1
BRF:0
BRH:0
end_of_record
TN:
SF:/code/src/store/index.js
FNF:0
FNH:0
DA:1,1
DA:6,1
LF:2
LH:2
BRDA:1,0,0,0
BRDA:1,0,1,1
BRF:2
BRH:1
end_of_record
TN:
SF:/code/src/store/storeDev.js
FN:6,configureStore
FN:19,(anonymous_1)
FNF:2
FNH:1
FNDA:1,configureStore
FNDA:0,(anonymous_1)
DA:7,1
DA:8,1
DA:12,1
DA:16,1
DA:17,1
DA:19,0
DA:21,0
DA:22,0
DA:26,1
LF:9
LH:6
BRDA:6,0,0,1
BRDA:17,1,0,0
BRDA:17,1,1,1
BRF:3
BRH:2
end_of_record
